[2025-11-07T01:30:59.254Z] [HOST] Sending YouTube action to backend {"type": "activity:youtube:load_video", "video_id": "3HsH59EkaKk", "start_time": 0}
[2025-11-07T01:30:59.267Z] [GUEST] YouTube broadcast received {"type": "youtube_video_loaded", "video_id": "3HsH59EkaKk", "loaded_by": "ww", "current_time": 0}
[2025-11-07T01:30:59.270Z] [GUEST] YouTube broadcast received {"type": "youtube_video_loaded", "video_id": "3HsH59EkaKk"}
[2025-11-07T01:31:41.554Z] [HOST] Sending YouTube action to backend {"type": "activity:youtube:load_video", "video_id": "3HsH59EkaKk", "start_time": 0}
[2025-11-07T01:31:41.562Z] [GUEST] YouTube broadcast received {"type": "youtube_video_loaded", "video_id": "3HsH59EkaKk", "loaded_by": "ww", "current_time": 0}
[2025-11-07T01:31:41.562Z] [GUEST] YouTube broadcast received {"type": "youtube_video_loaded", "video_id": "3HsH59EkaKk"}
[2025-11-07T01:31:41.568Z] [HOST] YouTubePlayer: Component mounted {"videoId": "3HsH59EkaKk", "isAuthoritative": false}
[2025-11-07T01:31:41.569Z] [HOST] YouTubePlayer: Component unmounting
[2025-11-07T01:31:41.570Z] [HOST] YouTubePlayer: Component mounted {"videoId": "3HsH59EkaKk", "isAuthoritative": false}
[2025-11-07T01:31:41.649Z] [HOST] YouTubePlayer: Player initialization effect running {"videoId": "3HsH59EkaKk"}
[2025-11-07T01:31:42.037Z] [HOST] YouTubePlayer: YouTube player ready
[2025-11-07T01:31:42.039Z] [HOST] YouTubePlayer: Player synced to room state {"currentTime": 0, "isPlaying": false, "playbackRate": 1}
[2025-11-07T01:31:42.039Z] [HOST] YouTubePlayer: Starting initial sync timer...
[2025-11-07T01:31:43.044Z] [HOST] YouTubePlayer: Initial sync timer fired, setting isInitialSync to false
[2025-11-07T01:31:43.047Z] [HOST] YouTubePlayer: Initial sync completed - player events now active
[2025-11-07T01:31:50.077Z] [HOST] YouTubePlayer: Player state changed {"playerState": -1, "playerStateName": "UNSTARTED"}
[2025-11-07T01:31:50.080Z] [HOST] YouTubePlayer: Player state changed {"playerState": 3, "playerStateName": "BUFFERING"}
[2025-11-07T01:31:50.495Z] [HOST] YouTubePlayer: Player state changed {"playerState": 1, "playerStateName": "PLAYING"}
[2025-11-07T01:31:50.496Z] [HOST] YouTubePlayer: User clicked play
[2025-11-07T01:31:50.496Z] [HOST] Sending YouTube action to backend {"type": "activity:youtube:play"}
[2025-11-07T01:31:50.503Z] [GUEST] YouTube broadcast received {"type": "youtube_play", "current_time": 0, "is_playing": true, "triggered_by": "ww", "last_action_user": "ww", "server_timestamp": 1762479110.497716}
[2025-11-07T01:31:50.504Z] [GUEST] YouTube broadcast received {"type": "youtube_play", "current_time": 0}
[2025-11-07T01:31:50.505Z] [HOST] YouTubePlayer: Player initialization effect running {"videoId": "3HsH59EkaKk"}
[2025-11-07T01:31:50.511Z] [HOST] YouTubePlayer: Player methods not available yet, skipping sync
[2025-11-07T01:31:50.990Z] [HOST] YouTubePlayer: YouTube player ready
[2025-11-07T01:31:50.990Z] [HOST] YouTubePlayer: Player synced to room state {"currentTime": 0.00019621849060058594, "isPlaying": true, "playbackRate": 1}
[2025-11-07T01:31:50.990Z] [HOST] YouTubePlayer: Starting initial sync timer...
[2025-11-07T01:31:50.997Z] [HOST] Sending YouTube action to backend {"type": "activity:youtube:buffer_end"}
[2025-11-07T01:31:51.010Z] [HOST] YouTubePlayer: Player state changed {"playerState": -1, "playerStateName": "UNSTARTED"}
[2025-11-07T01:31:51.010Z] [HOST] YouTubePlayer: Player state changed {"playerState": 3, "playerStateName": "BUFFERING"}
[2025-11-07T01:31:51.010Z] [HOST] YouTubePlayer: Player state changed {"playerState": -1, "playerStateName": "UNSTARTED"}
[2025-11-07T01:31:51.250Z] [HOST] YouTubePlayer: Player state changed {"playerState": 3, "playerStateName": "BUFFERING"}
[2025-11-07T01:31:51.372Z] [HOST] YouTubePlayer: Player state changed {"playerState": 1, "playerStateName": "PLAYING"}
[2025-11-07T01:31:51.373Z] [HOST] YouTubePlayer: User clicked play
[2025-11-07T01:31:51.374Z] [HOST] Sending YouTube action to backend {"type": "activity:youtube:play"}
[2025-11-07T01:31:51.375Z] [GUEST] YouTube broadcast received {"type": "youtube_play", "current_time": 0, "is_playing": true, "triggered_by": "ww", "last_action_user": "ww", "server_timestamp": 1762479111.3741179}
[2025-11-07T01:31:51.376Z] [HOST] YouTubePlayer: Player initialization effect running {"videoId": "3HsH59EkaKk"}
[2025-11-07T01:31:51.379Z] [HOST] YouTubePlayer: Player methods not available yet, skipping sync
[2025-11-07T01:31:51.376Z] [GUEST] YouTube broadcast received {"type": "youtube_play", "current_time": 0}
[2025-11-07T01:31:51.625Z] [HOST] YouTubePlayer: YouTube player ready
[2025-11-07T01:31:51.625Z] [HOST] YouTubePlayer: Player synced to room state {"currentTime": 0.00013184547424316406, "isPlaying": true, "playbackRate": 1}
[2025-11-07T01:31:51.626Z] [HOST] YouTubePlayer: Starting initial sync timer...
[2025-11-07T01:31:51.645Z] [HOST] YouTubePlayer: Player state changed {"playerState": -1, "playerStateName": "UNSTARTED"}
[2025-11-07T01:31:51.646Z] [HOST] YouTubePlayer: Player state changed {"playerState": 3, "playerStateName": "BUFFERING"}
[2025-11-07T01:31:51.646Z] [HOST] YouTubePlayer: Player state changed {"playerState": -1, "playerStateName": "UNSTARTED"}
[2025-11-07T01:31:51.759Z] [GUEST] YouTube broadcast received {"type": "youtube_sync_update", "video_id": "3HsH59EkaKk", "current_time": 0.38368988037109375, "is_playing": true, "playback_rate": 1, "last_action_user": "ww", "server_timestamp": 1762479111.757809}
[2025-11-07T01:31:51.860Z] [HOST] YouTubePlayer: Player state changed {"playerState": 3, "playerStateName": "BUFFERING"}
[2025-11-07T01:31:51.960Z] [HOST] YouTubePlayer: Player state changed {"playerState": 1, "playerStateName": "PLAYING"}
[2025-11-07T01:31:51.961Z] [HOST] YouTubePlayer: User clicked play
[2025-11-07T01:31:51.961Z] [HOST] Sending YouTube action to backend {"type": "activity:youtube:play"}
[2025-11-07T01:31:51.963Z] [GUEST] YouTube broadcast received {"type": "youtube_play", "current_time": 0.38367676734924316, "is_playing": true, "triggered_by": "ww", "last_action_user": "ww", "server_timestamp": 1762479111.961812}
[2025-11-07T01:31:51.963Z] [GUEST] YouTube broadcast received {"type": "youtube_play", "current_time": 0.38367676734924316}
[2025-11-07T01:31:51.967Z] [HOST] YouTubePlayer: Player methods not available yet, skipping sync
[2025-11-07T01:31:51.965Z] [HOST] YouTubePlayer: Player initialization effect running {"videoId": "3HsH59EkaKk"}
[2025-11-07T01:31:51.993Z] [HOST] YouTubePlayer: Initial sync timer fired, setting isInitialSync to false
[2025-11-07T01:31:51.994Z] [HOST] YouTubePlayer: Initial sync completed - player events now active
[2025-11-07T01:31:52.223Z] [HOST] YouTubePlayer: YouTube player ready
[2025-11-07T01:31:52.223Z] [HOST] YouTubePlayer: Player synced to room state {"currentTime": 0.3838200569152832, "isPlaying": true, "playbackRate": 1}
[2025-11-07T01:31:52.224Z] [HOST] YouTubePlayer: Starting initial sync timer...
[2025-11-07T01:31:52.244Z] [HOST] YouTubePlayer: Player state changed {"playerState": -1, "playerStateName": "UNSTARTED"}
[2025-11-07T01:31:52.245Z] [HOST] YouTubePlayer: Player state changed {"playerState": 3, "playerStateName": "BUFFERING"}
[2025-11-07T01:31:52.245Z] [HOST] YouTubePlayer: Player state changed {"playerState": -1, "playerStateName": "UNSTARTED"}
[2025-11-07T01:31:52.458Z] [HOST] YouTubePlayer: Player state changed {"playerState": 1, "playerStateName": "PLAYING"}
[2025-11-07T01:31:52.459Z] [HOST] YouTubePlayer: User clicked play
[2025-11-07T01:31:52.459Z] [HOST] Sending YouTube action to backend {"type": "activity:youtube:play"}
[2025-11-07T01:31:52.628Z] [HOST] YouTubePlayer: Initial sync timer fired, setting isInitialSync to false
[2025-11-07T01:31:52.629Z] [HOST] YouTubePlayer: Initial sync completed - player events now active
[2025-11-07T01:31:53.227Z] [HOST] YouTubePlayer: Initial sync timer fired, setting isInitialSync to false
[2025-11-07T01:31:53.228Z] [HOST] YouTubePlayer: Initial sync completed - player events now active
[2025-11-07T01:31:53.962Z] [HOST] YouTubePlayer: Player state changed {"playerState": 2, "playerStateName": "PAUSED"}
[2025-11-07T01:31:53.962Z] [HOST] YouTubePlayer: User clicked pause
[2025-11-07T01:31:53.963Z] [HOST] Sending YouTube action to backend {"type": "activity:youtube:pause"}
[2025-11-07T01:31:53.966Z] [GUEST] YouTube broadcast received {"type": "youtube_pause", "current_time": 2.3865578174591064, "is_playing": false, "triggered_by": "ww", "last_action_user": "ww", "server_timestamp": 1762479113.9646971}
[2025-11-07T01:31:53.968Z] [GUEST] YouTube broadcast received {"type": "youtube_pause", "current_time": 2.3865578174591064}
[2025-11-07T01:31:53.970Z] [HOST] YouTubePlayer: Player initialization effect running {"videoId": "3HsH59EkaKk"}
[2025-11-07T01:31:53.975Z] [HOST] YouTubePlayer: Player methods not available yet, skipping sync
[2025-11-07T01:31:54.298Z] [HOST] YouTubePlayer: YouTube player ready
[2025-11-07T01:31:54.298Z] [HOST] YouTubePlayer: Player synced to room state {"currentTime": 2.3865578174591064, "isPlaying": false, "playbackRate": 1}
[2025-11-07T01:31:54.299Z] [HOST] YouTubePlayer: Starting initial sync timer...
[2025-11-07T01:31:54.330Z] [HOST] YouTubePlayer: Player state changed {"playerState": -1, "playerStateName": "UNSTARTED"}
[2025-11-07T01:31:54.331Z] [HOST] YouTubePlayer: Player state changed {"playerState": 3, "playerStateName": "BUFFERING"}
[2025-11-07T01:31:54.332Z] [HOST] YouTubePlayer: Player state changed {"playerState": -1, "playerStateName": "UNSTARTED"}
[2025-11-07T01:31:54.836Z] [HOST] Sending YouTube action to backend {"type": "activity:youtube:buffer_start"}
[2025-11-07T01:31:55.299Z] [HOST] YouTubePlayer: Initial sync timer fired, setting isInitialSync to false
[2025-11-07T01:31:55.301Z] [HOST] YouTubePlayer: Initial sync completed - player events now active
[2025-11-07T01:32:23.191Z] [HOST] YouTubePlayer: Component unmounting
[2025-11-07T01:33:52.604Z] [HOST] Sending YouTube action to backend {"type": "activity:youtube:load_video", "video_id": "3HsH59EkaKk", "start_time": 0}
[2025-11-07T01:33:52.614Z] [GUEST] YouTube broadcast received {"type": "youtube_video_loaded", "video_id": "3HsH59EkaKk", "loaded_by": "ww", "current_time": 0}
[2025-11-07T01:33:52.615Z] [GUEST] YouTube broadcast received {"type": "youtube_video_loaded", "video_id": "3HsH59EkaKk"}
[2025-11-07T01:33:52.630Z] [HOST] YouTubePlayer: Component mounted {"videoId": "3HsH59EkaKk", "isAuthoritative": false}
[2025-11-07T01:33:52.632Z] [HOST] YouTubePlayer: Component unmounting
[2025-11-07T01:33:52.633Z] [HOST] YouTubePlayer: Component mounted {"videoId": "3HsH59EkaKk", "isAuthoritative": false}
[2025-11-07T01:33:52.700Z] [HOST] YouTubePlayer: Player initialization effect running {"videoId": "3HsH59EkaKk"}
[2025-11-07T01:33:53.052Z] [HOST] YouTubePlayer: YouTube player ready
[2025-11-07T01:33:53.053Z] [HOST] YouTubePlayer: Player synced to room state {"currentTime": 0, "isPlaying": false, "playbackRate": 1}
[2025-11-07T01:33:53.054Z] [HOST] YouTubePlayer: Starting initial sync timer...
[2025-11-07T01:33:54.059Z] [HOST] YouTubePlayer: Initial sync timer fired, setting isInitialSync to false
[2025-11-07T01:33:54.060Z] [HOST] YouTubePlayer: Initial sync completed - player events now active
[2025-11-07T01:33:54.336Z] [HOST] YouTubePlayer: Player state changed {"playerState": -1, "playerStateName": "UNSTARTED"}
[2025-11-07T01:33:54.337Z] [HOST] YouTubePlayer: Player state changed {"playerState": 3, "playerStateName": "BUFFERING"}
[2025-11-07T01:33:54.643Z] [HOST] YouTubePlayer: Player state changed {"playerState": 1, "playerStateName": "PLAYING"}
[2025-11-07T01:33:54.644Z] [HOST] YouTubePlayer: User clicked play
[2025-11-07T01:33:54.644Z] [HOST] Sending YouTube action to backend {"type": "activity:youtube:play"}
[2025-11-07T01:33:54.647Z] [GUEST] YouTube broadcast received {"type": "youtube_play", "current_time": 0}
[2025-11-07T01:33:54.650Z] [HOST] YouTubePlayer: Player initialization effect running {"videoId": "3HsH59EkaKk"}
[2025-11-07T01:33:54.653Z] [HOST] YouTubePlayer: Player methods not available yet, skipping sync
[2025-11-07T01:33:54.647Z] [GUEST] YouTube broadcast received {"type": "youtube_play", "current_time": 0, "is_playing": true, "triggered_by": "ww", "last_action_user": "ww", "server_timestamp": 1762479234.6460621}
[2025-11-07T01:33:54.882Z] [HOST] YouTubePlayer: YouTube player ready
[2025-11-07T01:33:54.883Z] [HOST] YouTubePlayer: Player synced to room state {"currentTime": 0.00017595291137695312, "isPlaying": true, "playbackRate": 1}
[2025-11-07T01:33:54.883Z] [HOST] YouTubePlayer: Starting initial sync timer...
[2025-11-07T01:33:54.898Z] [HOST] YouTubePlayer: Player state changed {"playerState": -1, "playerStateName": "UNSTARTED"}
[2025-11-07T01:33:54.899Z] [HOST] YouTubePlayer: Player state changed {"playerState": 3, "playerStateName": "BUFFERING"}
[2025-11-07T01:33:54.899Z] [HOST] YouTubePlayer: Player state changed {"playerState": -1, "playerStateName": "UNSTARTED"}
[2025-11-07T01:33:55.133Z] [HOST] YouTubePlayer: Player state changed {"playerState": 3, "playerStateName": "BUFFERING"}
[2025-11-07T01:33:55.228Z] [HOST] YouTubePlayer: Player state changed {"playerState": 1, "playerStateName": "PLAYING"}
[2025-11-07T01:33:55.228Z] [HOST] YouTubePlayer: User clicked play
[2025-11-07T01:33:55.228Z] [HOST] Sending YouTube action to backend {"type": "activity:youtube:play"}
[2025-11-07T01:33:55.231Z] [GUEST] YouTube broadcast received {"type": "youtube_play", "current_time": 0, "is_playing": true, "triggered_by": "ww", "last_action_user": "ww", "server_timestamp": 1762479235.230112}
[2025-11-07T01:33:55.231Z] [GUEST] YouTube broadcast received {"type": "youtube_play", "current_time": 0}
[2025-11-07T01:33:55.233Z] [HOST] YouTubePlayer: Player initialization effect running {"videoId": "3HsH59EkaKk"}
[2025-11-07T01:33:55.236Z] [HOST] YouTubePlayer: Player methods not available yet, skipping sync
[2025-11-07T01:33:55.480Z] [HOST] YouTubePlayer: YouTube player ready
[2025-11-07T01:33:55.480Z] [HOST] YouTubePlayer: Player synced to room state {"currentTime": 0.00019097328186035156, "isPlaying": true, "playbackRate": 1}
[2025-11-07T01:33:55.480Z] [HOST] YouTubePlayer: Starting initial sync timer...
[2025-11-07T01:33:55.496Z] [HOST] YouTubePlayer: Player state changed {"playerState": -1, "playerStateName": "UNSTARTED"}
[2025-11-07T01:33:55.496Z] [HOST] YouTubePlayer: Player state changed {"playerState": 3, "playerStateName": "BUFFERING"}
[2025-11-07T01:33:55.497Z] [HOST] YouTubePlayer: Player state changed {"playerState": -1, "playerStateName": "UNSTARTED"}
[2025-11-07T01:33:55.706Z] [HOST] YouTubePlayer: Player state changed {"playerState": 3, "playerStateName": "BUFFERING"}
[2025-11-07T01:33:55.810Z] [HOST] YouTubePlayer: Player state changed {"playerState": 1, "playerStateName": "PLAYING"}
[2025-11-07T01:33:55.810Z] [HOST] YouTubePlayer: User clicked play
[2025-11-07T01:33:55.811Z] [HOST] Sending YouTube action to backend {"type": "activity:youtube:play"}
[2025-11-07T01:33:55.813Z] [GUEST] YouTube broadcast received {"type": "youtube_play", "current_time": 0, "is_playing": true, "triggered_by": "ww", "last_action_user": "ww", "server_timestamp": 1762479235.811703}
[2025-11-07T01:33:55.813Z] [GUEST] YouTube broadcast received {"type": "youtube_play", "current_time": 0}
[2025-11-07T01:33:55.814Z] [HOST] YouTubePlayer: Player initialization effect running {"videoId": "3HsH59EkaKk"}
[2025-11-07T01:33:55.816Z] [HOST] YouTubePlayer: Player methods not available yet, skipping sync
[2025-11-07T01:33:55.888Z] [HOST] YouTubePlayer: Initial sync timer fired, setting isInitialSync to false
[2025-11-07T01:33:55.888Z] [HOST] YouTubePlayer: Initial sync completed - player events now active
[2025-11-07T01:33:56.049Z] [HOST] YouTubePlayer: YouTube player ready
[2025-11-07T01:33:56.049Z] [HOST] YouTubePlayer: Player synced to room state {"currentTime": 0.000141143798828125, "isPlaying": true, "playbackRate": 1}
[2025-11-07T01:33:56.049Z] [HOST] YouTubePlayer: Starting initial sync timer...
[2025-11-07T01:33:56.065Z] [HOST] YouTubePlayer: Player state changed {"playerState": -1, "playerStateName": "UNSTARTED"}
[2025-11-07T01:33:56.065Z] [HOST] YouTubePlayer: Player state changed {"playerState": 3, "playerStateName": "BUFFERING"}
[2025-11-07T01:33:56.065Z] [HOST] YouTubePlayer: Player state changed {"playerState": -1, "playerStateName": "UNSTARTED"}
[2025-11-07T01:33:56.220Z] [GUEST] YouTube broadcast received {"type": "youtube_sync_update", "video_id": "3HsH59EkaKk", "current_time": 0.4076731204986572, "is_playing": true, "playback_rate": 1, "last_action_user": "ww", "server_timestamp": 1762479236.219379}
[2025-11-07T01:33:56.282Z] [HOST] YouTubePlayer: Player state changed {"playerState": 3, "playerStateName": "BUFFERING"}
[2025-11-07T01:33:56.393Z] [HOST] YouTubePlayer: Player state changed {"playerState": 1, "playerStateName": "PLAYING"}
[2025-11-07T01:33:56.394Z] [HOST] YouTubePlayer: User clicked play
[2025-11-07T01:33:56.394Z] [HOST] Sending YouTube action to backend {"type": "activity:youtube:play"}
[2025-11-07T01:33:56.396Z] [GUEST] YouTube broadcast received {"type": "youtube_play", "current_time": 0.40766215324401855, "is_playing": true, "triggered_by": "ww", "last_action_user": "ww", "server_timestamp": 1762479236.394973}
[2025-11-07T01:33:56.396Z] [GUEST] YouTube broadcast received {"type": "youtube_play", "current_time": 0.40766215324401855}
[2025-11-07T01:33:56.398Z] [HOST] YouTubePlayer: Player initialization effect running {"videoId": "3HsH59EkaKk"}
[2025-11-07T01:33:56.400Z] [HOST] YouTubePlayer: Player methods not available yet, skipping sync
[2025-11-07T01:33:56.486Z] [HOST] YouTubePlayer: Initial sync timer fired, setting isInitialSync to false
[2025-11-07T01:33:56.487Z] [HOST] YouTubePlayer: Initial sync completed - player events now active
[2025-11-07T01:33:56.701Z] [HOST] YouTubePlayer: YouTube player ready
[2025-11-07T01:33:56.701Z] [HOST] YouTubePlayer: Player synced to room state {"currentTime": 0.40781521797180176, "isPlaying": true, "playbackRate": 1}
[2025-11-07T01:33:56.702Z] [HOST] YouTubePlayer: Starting initial sync timer...
[2025-11-07T01:33:56.723Z] [HOST] YouTubePlayer: Player state changed {"playerState": -1, "playerStateName": "UNSTARTED"}
[2025-11-07T01:33:56.724Z] [HOST] YouTubePlayer: Player state changed {"playerState": 3, "playerStateName": "BUFFERING"}
[2025-11-07T01:33:56.724Z] [HOST] YouTubePlayer: Player state changed {"playerState": -1, "playerStateName": "UNSTARTED"}
[2025-11-07T01:33:56.990Z] [HOST] YouTubePlayer: Player state changed {"playerState": 1, "playerStateName": "PLAYING"}
[2025-11-07T01:33:56.991Z] [HOST] YouTubePlayer: User clicked play
[2025-11-07T01:33:56.991Z] [HOST] Sending YouTube action to backend {"type": "activity:youtube:play"}
[2025-11-07T01:33:56.994Z] [GUEST] YouTube broadcast received {"type": "youtube_play", "current_time": 0.40766215324401855, "is_playing": true, "triggered_by": "ww", "last_action_user": "ww", "server_timestamp": 1762479236.993242}
[2025-11-07T01:33:56.994Z] [GUEST] YouTube broadcast received {"type": "youtube_play", "current_time": 0.40766215324401855}
[2025-11-07T01:33:56.996Z] [HOST] YouTubePlayer: Player initialization effect running {"videoId": "3HsH59EkaKk"}
[2025-11-07T01:33:56.998Z] [HOST] YouTubePlayer: Player methods not available yet, skipping sync
[2025-11-07T01:33:57.056Z] [HOST] YouTubePlayer: Initial sync timer fired, setting isInitialSync to false
[2025-11-07T01:33:57.056Z] [HOST] YouTubePlayer: Initial sync completed - player events now active
[2025-11-07T01:33:57.222Z] [HOST] YouTubePlayer: YouTube player ready
[2025-11-07T01:33:57.222Z] [HOST] YouTubePlayer: Player synced to room state {"currentTime": 0.408642053604126, "isPlaying": true, "playbackRate": 1}
[2025-11-07T01:33:57.223Z] [HOST] YouTubePlayer: Starting initial sync timer...
[2025-11-07T01:33:57.242Z] [HOST] YouTubePlayer: Player state changed {"playerState": -1, "playerStateName": "UNSTARTED"}
[2025-11-07T01:33:57.243Z] [HOST] YouTubePlayer: Player state changed {"playerState": 3, "playerStateName": "BUFFERING"}
[2025-11-07T01:33:57.244Z] [HOST] YouTubePlayer: Player state changed {"playerState": -1, "playerStateName": "UNSTARTED"}
[2025-11-07T01:33:57.460Z] [HOST] YouTubePlayer: Player state changed {"playerState": 1, "playerStateName": "PLAYING"}
[2025-11-07T01:33:57.461Z] [HOST] YouTubePlayer: User clicked play
[2025-11-07T01:33:57.462Z] [HOST] Sending YouTube action to backend {"type": "activity:youtube:play"}
[2025-11-07T01:33:57.707Z] [HOST] YouTubePlayer: Initial sync timer fired, setting isInitialSync to false
[2025-11-07T01:33:57.708Z] [HOST] YouTubePlayer: Initial sync completed - player events now active
[2025-11-07T01:33:57.968Z] [HOST] Sending YouTube action to backend {"type": "activity:youtube:buffer_end"}
[2025-11-07T01:33:58.223Z] [HOST] YouTubePlayer: Initial sync timer fired, setting isInitialSync to false
[2025-11-07T01:33:58.224Z] [HOST] YouTubePlayer: Initial sync completed - player events now active
[2025-11-07T01:34:02.225Z] [GUEST] YouTube broadcast received {"type": "youtube_sync_update", "video_id": "3HsH59EkaKk", "current_time": 5.637591123580933, "is_playing": true, "playback_rate": 1, "last_action_user": "ww", "server_timestamp": 1762479242.22317}
[2025-11-07T01:34:08.228Z] [GUEST] YouTube broadcast received {"type": "youtube_sync_update", "video_id": "3HsH59EkaKk", "current_time": 11.64144515991211, "is_playing": true, "playback_rate": 1, "last_action_user": "ww", "server_timestamp": 1762479248.2270238}
[2025-11-07T01:34:10.749Z] [HOST] YouTubePlayer: Player state changed {"playerState": 2, "playerStateName": "PAUSED"}
[2025-11-07T01:34:10.753Z] [HOST] YouTubePlayer: User clicked pause
[2025-11-07T01:34:10.754Z] [HOST] Sending YouTube action to backend {"type": "activity:youtube:pause"}
[2025-11-07T01:34:10.764Z] [GUEST] YouTube broadcast received {"type": "youtube_pause", "current_time": 14.169692993164062, "is_playing": false, "triggered_by": "ww", "last_action_user": "ww", "server_timestamp": 1762479250.755276}
[2025-11-07T01:34:10.764Z] [GUEST] YouTube broadcast received {"type": "youtube_pause", "current_time": 14.169692993164062}
[2025-11-07T01:34:10.767Z] [HOST] YouTubePlayer: Player initialization effect running {"videoId": "3HsH59EkaKk"}
[2025-11-07T01:34:10.774Z] [HOST] YouTubePlayer: Player methods not available yet, skipping sync
[2025-11-07T01:34:11.085Z] [HOST] YouTubePlayer: YouTube player ready
[2025-11-07T01:34:11.086Z] [HOST] YouTubePlayer: Player synced to room state {"currentTime": 14.169692993164062, "isPlaying": false, "playbackRate": 1}
[2025-11-07T01:34:11.086Z] [HOST] YouTubePlayer: Starting initial sync timer...
[2025-11-07T01:34:11.129Z] [HOST] YouTubePlayer: Player state changed {"playerState": -1, "playerStateName": "UNSTARTED"}
[2025-11-07T01:34:11.129Z] [HOST] YouTubePlayer: Player state changed {"playerState": 3, "playerStateName": "BUFFERING"}
[2025-11-07T01:34:11.130Z] [HOST] YouTubePlayer: Player state changed {"playerState": -1, "playerStateName": "UNSTARTED"}
[2025-11-07T01:34:11.632Z] [HOST] Sending YouTube action to backend {"type": "activity:youtube:buffer_start"}
[2025-11-07T01:34:12.087Z] [HOST] YouTubePlayer: Initial sync timer fired, setting isInitialSync to false
[2025-11-07T01:34:12.088Z] [HOST] YouTubePlayer: Initial sync completed - player events now active
[2025-11-07T01:35:02.966Z] [HOST] YouTubePlayer: Component unmounting
[2025-11-07T01:35:02.968Z] [HOST] YouTubePlayer: Component mounted {"videoId": "3HsH59EkaKk", "isAuthoritative": false}
[2025-11-07T01:35:02.969Z] [HOST] YouTubePlayer: Component unmounting
[2025-11-07T01:35:02.970Z] [HOST] YouTubePlayer: Component mounted {"videoId": "3HsH59EkaKk", "isAuthoritative": false}
[2025-11-07T01:35:02.991Z] [HOST] YouTubePlayer: Player initialization effect running {"videoId": "3HsH59EkaKk"}
[2025-11-07T01:35:03.384Z] [HOST] YouTubePlayer: YouTube player ready
[2025-11-07T01:35:03.385Z] [HOST] YouTubePlayer: Player synced to room state {"currentTime": 14.169692993164062, "isPlaying": false, "playbackRate": 1}
[2025-11-07T01:35:03.385Z] [HOST] YouTubePlayer: Starting initial sync timer...
[2025-11-07T01:35:03.423Z] [HOST] YouTubePlayer: Player state changed {"playerState": -1, "playerStateName": "UNSTARTED"}
[2025-11-07T01:35:03.423Z] [HOST] YouTubePlayer: Ignoring state change during initial sync {"playerState": -1}
[2025-11-07T01:35:03.423Z] [HOST] YouTubePlayer: Player state changed {"playerState": 3, "playerStateName": "BUFFERING"}
[2025-11-07T01:35:03.423Z] [HOST] YouTubePlayer: Ignoring state change during initial sync {"playerState": 3}
[2025-11-07T01:35:03.424Z] [HOST] YouTubePlayer: Player state changed {"playerState": -1, "playerStateName": "UNSTARTED"}
[2025-11-07T01:35:03.424Z] [HOST] YouTubePlayer: Ignoring state change during initial sync {"playerState": -1}
[2025-11-07T01:35:04.390Z] [HOST] YouTubePlayer: Initial sync timer fired, setting isInitialSync to false
[2025-11-07T01:35:04.391Z] [HOST] YouTubePlayer: Initial sync completed - player events now active
[2025-11-07T01:37:13.648Z] [HOST] YouTubePlayer: Component unmounting
